Started GET "/" for 127.0.0.1 at 2018-04-17 21:51:34 +0300
Processing by Rails::WelcomeController#index as HTML
  Rendering /usr/local/lib/ruby/gems/2.5.0/gems/railties-5.2.0/lib/rails/templates/rails/welcome/index.html.erb
  Rendered /usr/local/lib/ruby/gems/2.5.0/gems/railties-5.2.0/lib/rails/templates/rails/welcome/index.html.erb (6.8ms)
Completed 200 OK in 34ms (Views: 17.6ms | ActiveRecord: 0.0ms)


Started GET "/" for 127.0.0.1 at 2018-04-17 21:51:37 +0300
Processing by Rails::WelcomeController#index as HTML
  Rendering /usr/local/lib/ruby/gems/2.5.0/gems/railties-5.2.0/lib/rails/templates/rails/welcome/index.html.erb
  Rendered /usr/local/lib/ruby/gems/2.5.0/gems/railties-5.2.0/lib/rails/templates/rails/welcome/index.html.erb (2.6ms)
Completed 200 OK in 11ms (Views: 6.3ms | ActiveRecord: 0.0ms)


Started GET "/" for 127.0.0.1 at 2018-04-17 21:59:14 +0300
Processing by WelcomeController#index as HTML
  Rendering welcome/index.html.erb within layouts/application
  Rendered welcome/index.html.erb within layouts/application (1.9ms)
Completed 200 OK in 1273ms (Views: 1259.3ms | ActiveRecord: 0.0ms)


Started GET "/articles/new" for 127.0.0.1 at 2018-04-17 22:02:11 +0300
  
ActionController::RoutingError (uninitialized constant ArticlesController):
  
bootsnap (1.3.0) lib/bootsnap/load_path_cache/core_ext/active_support.rb:53:in `block in load_missing_constant'
bootsnap (1.3.0) lib/bootsnap/load_path_cache/core_ext/active_support.rb:8:in `without_bootsnap_cache'
bootsnap (1.3.0) lib/bootsnap/load_path_cache/core_ext/active_support.rb:53:in `rescue in load_missing_constant'
bootsnap (1.3.0) lib/bootsnap/load_path_cache/core_ext/active_support.rb:42:in `load_missing_constant'
activesupport (5.2.0) lib/active_support/inflector/methods.rb:283:in `const_get'
activesupport (5.2.0) lib/active_support/inflector/methods.rb:283:in `block in constantize'
activesupport (5.2.0) lib/active_support/inflector/methods.rb:281:in `each'
activesupport (5.2.0) lib/active_support/inflector/methods.rb:281:in `inject'
activesupport (5.2.0) lib/active_support/inflector/methods.rb:281:in `constantize'
actionpack (5.2.0) lib/action_dispatch/http/request.rb:88:in `controller_class_for'
actionpack (5.2.0) lib/action_dispatch/http/request.rb:81:in `controller_class'
actionpack (5.2.0) lib/action_dispatch/routing/route_set.rb:46:in `controller'
actionpack (5.2.0) lib/action_dispatch/routing/route_set.rb:32:in `serve'
actionpack (5.2.0) lib/action_dispatch/journey/router.rb:52:in `block in serve'
actionpack (5.2.0) lib/action_dispatch/journey/router.rb:35:in `each'
actionpack (5.2.0) lib/action_dispatch/journey/router.rb:35:in `serve'
actionpack (5.2.0) lib/action_dispatch/routing/route_set.rb:840:in `call'
rack (2.0.4) lib/rack/tempfile_reaper.rb:15:in `call'
rack (2.0.4) lib/rack/etag.rb:25:in `call'
rack (2.0.4) lib/rack/conditional_get.rb:25:in `call'
rack (2.0.4) lib/rack/head.rb:12:in `call'
actionpack (5.2.0) lib/action_dispatch/http/content_security_policy.rb:18:in `call'
rack (2.0.4) lib/rack/session/abstract/id.rb:232:in `context'
rack (2.0.4) lib/rack/session/abstract/id.rb:226:in `call'
actionpack (5.2.0) lib/action_dispatch/middleware/cookies.rb:670:in `call'
activerecord (5.2.0) lib/active_record/migration.rb:559:in `call'
actionpack (5.2.0) lib/action_dispatch/middleware/callbacks.rb:28:in `block in call'
activesupport (5.2.0) lib/active_support/callbacks.rb:98:in `run_callbacks'
actionpack (5.2.0) lib/action_dispatch/middleware/callbacks.rb:26:in `call'
actionpack (5.2.0) lib/action_dispatch/middleware/executor.rb:14:in `call'
actionpack (5.2.0) lib/action_dispatch/middleware/debug_exceptions.rb:61:in `call'
web-console (3.6.0) lib/web_console/middleware.rb:137:in `call_app'
web-console (3.6.0) lib/web_console/middleware.rb:30:in `block in call'
web-console (3.6.0) lib/web_console/middleware.rb:20:in `catch'
web-console (3.6.0) lib/web_console/middleware.rb:20:in `call'
actionpack (5.2.0) lib/action_dispatch/middleware/show_exceptions.rb:33:in `call'
railties (5.2.0) lib/rails/rack/logger.rb:38:in `call_app'
railties (5.2.0) lib/rails/rack/logger.rb:26:in `block in call'
activesupport (5.2.0) lib/active_support/tagged_logging.rb:71:in `block in tagged'
activesupport (5.2.0) lib/active_support/tagged_logging.rb:28:in `tagged'
activesupport (5.2.0) lib/active_support/tagged_logging.rb:71:in `tagged'
railties (5.2.0) lib/rails/rack/logger.rb:26:in `call'
sprockets-rails (3.2.1) lib/sprockets/rails/quiet_assets.rb:13:in `call'
actionpack (5.2.0) lib/action_dispatch/middleware/remote_ip.rb:81:in `call'
actionpack (5.2.0) lib/action_dispatch/middleware/request_id.rb:27:in `call'
rack (2.0.4) lib/rack/method_override.rb:22:in `call'
rack (2.0.4) lib/rack/runtime.rb:22:in `call'
activesupport (5.2.0) lib/active_support/cache/strategy/local_cache_middleware.rb:29:in `call'
actionpack (5.2.0) lib/action_dispatch/middleware/executor.rb:14:in `call'
actionpack (5.2.0) lib/action_dispatch/middleware/static.rb:127:in `call'
rack (2.0.4) lib/rack/sendfile.rb:111:in `call'
railties (5.2.0) lib/rails/engine.rb:524:in `call'
puma (3.11.4) lib/puma/configuration.rb:225:in `call'
puma (3.11.4) lib/puma/server.rb:632:in `handle_request'
puma (3.11.4) lib/puma/server.rb:446:in `process_client'
puma (3.11.4) lib/puma/server.rb:306:in `block in run'
puma (3.11.4) lib/puma/thread_pool.rb:120:in `block in spawn_thread'
Started GET "/articles/new" for 127.0.0.1 at 2018-04-17 22:03:22 +0300
  
AbstractController::ActionNotFound (The action 'new' could not be found for ArticlesController):
  
actionpack (5.2.0) lib/abstract_controller/base.rb:129:in `process'
actionview (5.2.0) lib/action_view/rendering.rb:32:in `process'
actionpack (5.2.0) lib/action_controller/metal.rb:191:in `dispatch'
actionpack (5.2.0) lib/action_controller/metal.rb:252:in `dispatch'
actionpack (5.2.0) lib/action_dispatch/routing/route_set.rb:52:in `dispatch'
actionpack (5.2.0) lib/action_dispatch/routing/route_set.rb:34:in `serve'
actionpack (5.2.0) lib/action_dispatch/journey/router.rb:52:in `block in serve'
actionpack (5.2.0) lib/action_dispatch/journey/router.rb:35:in `each'
actionpack (5.2.0) lib/action_dispatch/journey/router.rb:35:in `serve'
actionpack (5.2.0) lib/action_dispatch/routing/route_set.rb:840:in `call'
rack (2.0.4) lib/rack/tempfile_reaper.rb:15:in `call'
rack (2.0.4) lib/rack/etag.rb:25:in `call'
rack (2.0.4) lib/rack/conditional_get.rb:25:in `call'
rack (2.0.4) lib/rack/head.rb:12:in `call'
actionpack (5.2.0) lib/action_dispatch/http/content_security_policy.rb:18:in `call'
rack (2.0.4) lib/rack/session/abstract/id.rb:232:in `context'
rack (2.0.4) lib/rack/session/abstract/id.rb:226:in `call'
actionpack (5.2.0) lib/action_dispatch/middleware/cookies.rb:670:in `call'
activerecord (5.2.0) lib/active_record/migration.rb:559:in `call'
actionpack (5.2.0) lib/action_dispatch/middleware/callbacks.rb:28:in `block in call'
activesupport (5.2.0) lib/active_support/callbacks.rb:98:in `run_callbacks'
actionpack (5.2.0) lib/action_dispatch/middleware/callbacks.rb:26:in `call'
actionpack (5.2.0) lib/action_dispatch/middleware/executor.rb:14:in `call'
actionpack (5.2.0) lib/action_dispatch/middleware/debug_exceptions.rb:61:in `call'
web-console (3.6.0) lib/web_console/middleware.rb:137:in `call_app'
web-console (3.6.0) lib/web_console/middleware.rb:30:in `block in call'
web-console (3.6.0) lib/web_console/middleware.rb:20:in `catch'
web-console (3.6.0) lib/web_console/middleware.rb:20:in `call'
actionpack (5.2.0) lib/action_dispatch/middleware/show_exceptions.rb:33:in `call'
railties (5.2.0) lib/rails/rack/logger.rb:38:in `call_app'
railties (5.2.0) lib/rails/rack/logger.rb:26:in `block in call'
activesupport (5.2.0) lib/active_support/tagged_logging.rb:71:in `block in tagged'
activesupport (5.2.0) lib/active_support/tagged_logging.rb:28:in `tagged'
activesupport (5.2.0) lib/active_support/tagged_logging.rb:71:in `tagged'
railties (5.2.0) lib/rails/rack/logger.rb:26:in `call'
sprockets-rails (3.2.1) lib/sprockets/rails/quiet_assets.rb:13:in `call'
actionpack (5.2.0) lib/action_dispatch/middleware/remote_ip.rb:81:in `call'
actionpack (5.2.0) lib/action_dispatch/middleware/request_id.rb:27:in `call'
rack (2.0.4) lib/rack/method_override.rb:22:in `call'
rack (2.0.4) lib/rack/runtime.rb:22:in `call'
activesupport (5.2.0) lib/active_support/cache/strategy/local_cache_middleware.rb:29:in `call'
actionpack (5.2.0) lib/action_dispatch/middleware/executor.rb:14:in `call'
actionpack (5.2.0) lib/action_dispatch/middleware/static.rb:127:in `call'
rack (2.0.4) lib/rack/sendfile.rb:111:in `call'
railties (5.2.0) lib/rails/engine.rb:524:in `call'
puma (3.11.4) lib/puma/configuration.rb:225:in `call'
puma (3.11.4) lib/puma/server.rb:632:in `handle_request'
puma (3.11.4) lib/puma/server.rb:446:in `process_client'
puma (3.11.4) lib/puma/server.rb:306:in `block in run'
puma (3.11.4) lib/puma/thread_pool.rb:120:in `block in spawn_thread'
Started GET "/articles/new" for 127.0.0.1 at 2018-04-17 22:08:35 +0300
Processing by ArticlesController#new as HTML
  Rendering articles/new.html.erb within layouts/application
  Rendered articles/new.html.erb within layouts/application (1.3ms)
Completed 200 OK in 394ms (Views: 373.5ms | ActiveRecord: 0.0ms)


Started GET "/articles/new" for 127.0.0.1 at 2018-04-17 22:09:47 +0300
Processing by ArticlesController#new as HTML
  Rendering articles/new.html.erb within layouts/application
  Rendered articles/new.html.erb within layouts/application (100.3ms)
Completed 200 OK in 163ms (Views: 152.1ms | ActiveRecord: 0.0ms)


Started GET "/articles/new" for 127.0.0.1 at 2018-04-17 22:10:49 +0300
Processing by ArticlesController#new as HTML
  Rendering articles/new.html.erb within layouts/application
  Rendered articles/new.html.erb within layouts/application (3.7ms)
Completed 200 OK in 50ms (Views: 46.2ms | ActiveRecord: 0.0ms)


Started GET "/articles/new" for 127.0.0.1 at 2018-04-17 22:15:20 +0300
Processing by ArticlesController#new as HTML
  Rendering articles/new.html.erb within layouts/application
  Rendered articles/new.html.erb within layouts/application (27.3ms)
Completed 200 OK in 393ms (Views: 377.8ms | ActiveRecord: 0.0ms)


Started POST "/articles" for 127.0.0.1 at 2018-04-17 22:15:40 +0300
Processing by ArticlesController#create as HTML
  Parameters: {"utf8"=>"✓", "authenticity_token"=>"2yy7sy69WHlTEzS34IQyaoIxLwflrVFN/1BrCHkBUSCa1FxZSukA30wsMhddrUDOCu2bIbVlbOb2I4klY2qBdw==", "article"=>{"title"=>"Title!", "text"=>"Text!"}, "commit"=>"Save Article"}
  Rendering text template
  Rendered text template (0.0ms)
Completed 200 OK in 4ms (Views: 3.6ms | ActiveRecord: 0.0ms)


  [1m[35m (0.2ms)[0m  [1m[34mSELECT sqlite_version(*)[0m
  ↳ bin/rails:4
  [1m[35m (2.8ms)[0m  [1m[35mCREATE TABLE "schema_migrations" ("version" varchar NOT NULL PRIMARY KEY)[0m
  ↳ bin/rails:4
  [1m[35m (4.0ms)[0m  [1m[35mCREATE TABLE "ar_internal_metadata" ("key" varchar NOT NULL PRIMARY KEY, "value" varchar, "created_at" datetime NOT NULL, "updated_at" datetime NOT NULL)[0m
  ↳ bin/rails:4
  [1m[35m (0.8ms)[0m  [1m[34mSELECT "schema_migrations"."version" FROM "schema_migrations" ORDER BY "schema_migrations"."version" ASC[0m
  ↳ bin/rails:4
Migrating to CreateArticles (20180417191612)
  [1m[35m (0.1ms)[0m  [1m[36mbegin transaction[0m
  ↳ bin/rails:4
  [1m[35m (0.9ms)[0m  [1m[35mCREATE TABLE "articles" ("id" integer PRIMARY KEY AUTOINCREMENT NOT NULL, "title" varchar, "text" text, "created_at" datetime NOT NULL, "updated_at" datetime NOT NULL)[0m
  ↳ db/migrate/20180417191612_create_articles.rb:3
  [1m[36mActiveRecord::SchemaMigration Create (0.4ms)[0m  [1m[32mINSERT INTO "schema_migrations" ("version") VALUES (?)[0m  [["version", "20180417191612"]]
  ↳ bin/rails:4
  [1m[35m (1.5ms)[0m  [1m[36mcommit transaction[0m
  ↳ bin/rails:4
  [1m[36mActiveRecord::InternalMetadata Load (0.3ms)[0m  [1m[34mSELECT  "ar_internal_metadata".* FROM "ar_internal_metadata" WHERE "ar_internal_metadata"."key" = ? LIMIT ?[0m  [["key", "environment"], ["LIMIT", 1]]
  ↳ bin/rails:4
  [1m[35m (0.1ms)[0m  [1m[36mbegin transaction[0m
  ↳ bin/rails:4
  [1m[36mActiveRecord::InternalMetadata Create (0.7ms)[0m  [1m[32mINSERT INTO "ar_internal_metadata" ("key", "value", "created_at", "updated_at") VALUES (?, ?, ?, ?)[0m  [["key", "environment"], ["value", "development"], ["created_at", "2018-04-17 19:17:26.793399"], ["updated_at", "2018-04-17 19:17:26.793399"]]
  ↳ bin/rails:4
  [1m[35m (1.8ms)[0m  [1m[36mcommit transaction[0m
  ↳ bin/rails:4
  [1m[35m (0.2ms)[0m  [1m[34mSELECT "schema_migrations"."version" FROM "schema_migrations" ORDER BY "schema_migrations"."version" ASC[0m
  ↳ bin/rails:4
Started GET "/articles/new" for 127.0.0.1 at 2018-04-17 22:19:14 +0300
  [1m[35m (0.5ms)[0m  [1m[34mSELECT "schema_migrations"."version" FROM "schema_migrations" ORDER BY "schema_migrations"."version" ASC[0m
  ↳ /usr/local/lib/ruby/gems/2.5.0/gems/activerecord-5.2.0/lib/active_record/log_subscriber.rb:98
Processing by ArticlesController#new as HTML
  Rendering articles/new.html.erb within layouts/application
  Rendered articles/new.html.erb within layouts/application (18.7ms)
Completed 200 OK in 352ms (Views: 336.3ms | ActiveRecord: 0.0ms)


Started POST "/articles" for 127.0.0.1 at 2018-04-17 22:19:19 +0300
Processing by ArticlesController#create as HTML
  Parameters: {"utf8"=>"✓", "authenticity_token"=>"IYVQCfrUKKL0A4UMsNwS2ybThmPQs0UgOCqROMwOqE5gfbfjnoBwBOs8g6wN9WB/rg8yRYB7eIsxWXMV1mV4GQ==", "article"=>{"title"=>"123", "text"=>"123123"}, "commit"=>"Save Article"}
Completed 500 Internal Server Error in 11ms (ActiveRecord: 0.7ms)


  
ActiveModel::ForbiddenAttributesError (ActiveModel::ForbiddenAttributesError):
  
app/controllers/articles_controller.rb:6:in `create'
Started GET "/articles/new" for 127.0.0.1 at 2018-04-17 22:22:03 +0300
Started POST "/articles" for 127.0.0.1 at 2018-04-17 22:22:14 +0300
Processing by ArticlesController#new as HTML
  Rendering articles/new.html.erb within layouts/application
  Rendered articles/new.html.erb within layouts/application (5.8ms)
Completed 200 OK in 117ms (Views: 97.0ms | ActiveRecord: 0.0ms)


Processing by ArticlesController#create as HTML
  Parameters: {"utf8"=>"✓", "authenticity_token"=>"IYVQCfrUKKL0A4UMsNwS2ybThmPQs0UgOCqROMwOqE5gfbfjnoBwBOs8g6wN9WB/rg8yRYB7eIsxWXMV1mV4GQ==", "article"=>{"title"=>"123", "text"=>"123123"}, "commit"=>"Save Article"}
  [1m[35m (0.1ms)[0m  [1m[36mbegin transaction[0m
  ↳ app/controllers/articles_controller.rb:8
  [1m[36mArticle Create (5.8ms)[0m  [1m[32mINSERT INTO "articles" ("title", "text", "created_at", "updated_at") VALUES (?, ?, ?, ?)[0m  [["title", "123"], ["text", "123123"], ["created_at", "2018-04-17 19:22:14.230828"], ["updated_at", "2018-04-17 19:22:14.230828"]]
  ↳ app/controllers/articles_controller.rb:8
  [1m[35m (1.4ms)[0m  [1m[36mcommit transaction[0m
  ↳ app/controllers/articles_controller.rb:8
Redirected to http://localhost:3000/articles/1
Completed 302 Found in 31ms (ActiveRecord: 8.1ms)


Started GET "/articles/1" for 127.0.0.1 at 2018-04-17 22:22:14 +0300
  
AbstractController::ActionNotFound (The action 'show' could not be found for ArticlesController):
  
actionpack (5.2.0) lib/abstract_controller/base.rb:129:in `process'
actionview (5.2.0) lib/action_view/rendering.rb:32:in `process'
actionpack (5.2.0) lib/action_controller/metal.rb:191:in `dispatch'
actionpack (5.2.0) lib/action_controller/metal.rb:252:in `dispatch'
actionpack (5.2.0) lib/action_dispatch/routing/route_set.rb:52:in `dispatch'
actionpack (5.2.0) lib/action_dispatch/routing/route_set.rb:34:in `serve'
actionpack (5.2.0) lib/action_dispatch/journey/router.rb:52:in `block in serve'
actionpack (5.2.0) lib/action_dispatch/journey/router.rb:35:in `each'
actionpack (5.2.0) lib/action_dispatch/journey/router.rb:35:in `serve'
actionpack (5.2.0) lib/action_dispatch/routing/route_set.rb:840:in `call'
rack (2.0.4) lib/rack/tempfile_reaper.rb:15:in `call'
rack (2.0.4) lib/rack/etag.rb:25:in `call'
rack (2.0.4) lib/rack/conditional_get.rb:25:in `call'
rack (2.0.4) lib/rack/head.rb:12:in `call'
actionpack (5.2.0) lib/action_dispatch/http/content_security_policy.rb:18:in `call'
rack (2.0.4) lib/rack/session/abstract/id.rb:232:in `context'
rack (2.0.4) lib/rack/session/abstract/id.rb:226:in `call'
actionpack (5.2.0) lib/action_dispatch/middleware/cookies.rb:670:in `call'
activerecord (5.2.0) lib/active_record/migration.rb:559:in `call'
actionpack (5.2.0) lib/action_dispatch/middleware/callbacks.rb:28:in `block in call'
activesupport (5.2.0) lib/active_support/callbacks.rb:98:in `run_callbacks'
actionpack (5.2.0) lib/action_dispatch/middleware/callbacks.rb:26:in `call'
actionpack (5.2.0) lib/action_dispatch/middleware/executor.rb:14:in `call'
actionpack (5.2.0) lib/action_dispatch/middleware/debug_exceptions.rb:61:in `call'
web-console (3.6.0) lib/web_console/middleware.rb:137:in `call_app'
web-console (3.6.0) lib/web_console/middleware.rb:30:in `block in call'
web-console (3.6.0) lib/web_console/middleware.rb:20:in `catch'
web-console (3.6.0) lib/web_console/middleware.rb:20:in `call'
actionpack (5.2.0) lib/action_dispatch/middleware/show_exceptions.rb:33:in `call'
railties (5.2.0) lib/rails/rack/logger.rb:38:in `call_app'
railties (5.2.0) lib/rails/rack/logger.rb:26:in `block in call'
activesupport (5.2.0) lib/active_support/tagged_logging.rb:71:in `block in tagged'
activesupport (5.2.0) lib/active_support/tagged_logging.rb:28:in `tagged'
activesupport (5.2.0) lib/active_support/tagged_logging.rb:71:in `tagged'
railties (5.2.0) lib/rails/rack/logger.rb:26:in `call'
sprockets-rails (3.2.1) lib/sprockets/rails/quiet_assets.rb:13:in `call'
actionpack (5.2.0) lib/action_dispatch/middleware/remote_ip.rb:81:in `call'
actionpack (5.2.0) lib/action_dispatch/middleware/request_id.rb:27:in `call'
rack (2.0.4) lib/rack/method_override.rb:22:in `call'
rack (2.0.4) lib/rack/runtime.rb:22:in `call'
activesupport (5.2.0) lib/active_support/cache/strategy/local_cache_middleware.rb:29:in `call'
actionpack (5.2.0) lib/action_dispatch/middleware/executor.rb:14:in `call'
actionpack (5.2.0) lib/action_dispatch/middleware/static.rb:127:in `call'
rack (2.0.4) lib/rack/sendfile.rb:111:in `call'
railties (5.2.0) lib/rails/engine.rb:524:in `call'
puma (3.11.4) lib/puma/configuration.rb:225:in `call'
puma (3.11.4) lib/puma/server.rb:632:in `handle_request'
puma (3.11.4) lib/puma/server.rb:446:in `process_client'
puma (3.11.4) lib/puma/server.rb:306:in `block in run'
puma (3.11.4) lib/puma/thread_pool.rb:120:in `block in spawn_thread'
Started GET "/articles/new" for 127.0.0.1 at 2018-04-17 22:22:14 +0300
Started GET "/articles/new" for 127.0.0.1 at 2018-04-17 22:22:14 +0300
Processing by ArticlesController#new as HTML
  Rendering articles/new.html.erb within layouts/application
  Rendered articles/new.html.erb within layouts/application (1.7ms)
Processing by ArticlesController#new as HTML
  Rendering articles/new.html.erb within layouts/application
  Rendered articles/new.html.erb within layouts/application (1.2ms)
Completed 200 OK in 65ms (Views: 61.7ms | ActiveRecord: 0.0ms)


Completed 200 OK in 60ms (Views: 57.8ms | ActiveRecord: 0.0ms)


Started POST "/articles" for 127.0.0.1 at 2018-04-17 22:22:19 +0300
Processing by ArticlesController#create as HTML
  Parameters: {"utf8"=>"✓", "authenticity_token"=>"rh8EtMYZ2dWfmqt84fzaYJXvu9QiHiYXUr5RcK7Ydlzv5+Neok2Bc4Clrdxc1ajEHTMP8nLWG7xbzbNdtLOmCw==", "article"=>{"title"=>"123213", "text"=>"1231231"}, "commit"=>"Save Article"}
  [1m[35m (0.1ms)[0m  [1m[36mbegin transaction[0m
  ↳ app/controllers/articles_controller.rb:8
  [1m[36mArticle Create (3.0ms)[0m  [1m[32mINSERT INTO "articles" ("title", "text", "created_at", "updated_at") VALUES (?, ?, ?, ?)[0m  [["title", "123213"], ["text", "1231231"], ["created_at", "2018-04-17 19:22:19.963272"], ["updated_at", "2018-04-17 19:22:19.963272"]]
  ↳ app/controllers/articles_controller.rb:8
  [1m[35m (3.1ms)[0m  [1m[36mcommit transaction[0m
  ↳ app/controllers/articles_controller.rb:8
Redirected to http://localhost:3000/articles/2
Completed 302 Found in 12ms (ActiveRecord: 6.1ms)


Started GET "/articles/2" for 127.0.0.1 at 2018-04-17 22:22:19 +0300
  
AbstractController::ActionNotFound (The action 'show' could not be found for ArticlesController):
  
actionpack (5.2.0) lib/abstract_controller/base.rb:129:in `process'
actionview (5.2.0) lib/action_view/rendering.rb:32:in `process'
actionpack (5.2.0) lib/action_controller/metal.rb:191:in `dispatch'
actionpack (5.2.0) lib/action_controller/metal.rb:252:in `dispatch'
actionpack (5.2.0) lib/action_dispatch/routing/route_set.rb:52:in `dispatch'
actionpack (5.2.0) lib/action_dispatch/routing/route_set.rb:34:in `serve'
actionpack (5.2.0) lib/action_dispatch/journey/router.rb:52:in `block in serve'
actionpack (5.2.0) lib/action_dispatch/journey/router.rb:35:in `each'
actionpack (5.2.0) lib/action_dispatch/journey/router.rb:35:in `serve'
actionpack (5.2.0) lib/action_dispatch/routing/route_set.rb:840:in `call'
rack (2.0.4) lib/rack/tempfile_reaper.rb:15:in `call'
rack (2.0.4) lib/rack/etag.rb:25:in `call'
rack (2.0.4) lib/rack/conditional_get.rb:25:in `call'
rack (2.0.4) lib/rack/head.rb:12:in `call'
actionpack (5.2.0) lib/action_dispatch/http/content_security_policy.rb:18:in `call'
rack (2.0.4) lib/rack/session/abstract/id.rb:232:in `context'
rack (2.0.4) lib/rack/session/abstract/id.rb:226:in `call'
actionpack (5.2.0) lib/action_dispatch/middleware/cookies.rb:670:in `call'
activerecord (5.2.0) lib/active_record/migration.rb:559:in `call'
actionpack (5.2.0) lib/action_dispatch/middleware/callbacks.rb:28:in `block in call'
activesupport (5.2.0) lib/active_support/callbacks.rb:98:in `run_callbacks'
actionpack (5.2.0) lib/action_dispatch/middleware/callbacks.rb:26:in `call'
actionpack (5.2.0) lib/action_dispatch/middleware/executor.rb:14:in `call'
actionpack (5.2.0) lib/action_dispatch/middleware/debug_exceptions.rb:61:in `call'
web-console (3.6.0) lib/web_console/middleware.rb:137:in `call_app'
web-console (3.6.0) lib/web_console/middleware.rb:30:in `block in call'
web-console (3.6.0) lib/web_console/middleware.rb:20:in `catch'
web-console (3.6.0) lib/web_console/middleware.rb:20:in `call'
actionpack (5.2.0) lib/action_dispatch/middleware/show_exceptions.rb:33:in `call'
railties (5.2.0) lib/rails/rack/logger.rb:38:in `call_app'
railties (5.2.0) lib/rails/rack/logger.rb:26:in `block in call'
activesupport (5.2.0) lib/active_support/tagged_logging.rb:71:in `block in tagged'
activesupport (5.2.0) lib/active_support/tagged_logging.rb:28:in `tagged'
activesupport (5.2.0) lib/active_support/tagged_logging.rb:71:in `tagged'
railties (5.2.0) lib/rails/rack/logger.rb:26:in `call'
sprockets-rails (3.2.1) lib/sprockets/rails/quiet_assets.rb:13:in `call'
actionpack (5.2.0) lib/action_dispatch/middleware/remote_ip.rb:81:in `call'
actionpack (5.2.0) lib/action_dispatch/middleware/request_id.rb:27:in `call'
rack (2.0.4) lib/rack/method_override.rb:22:in `call'
rack (2.0.4) lib/rack/runtime.rb:22:in `call'
activesupport (5.2.0) lib/active_support/cache/strategy/local_cache_middleware.rb:29:in `call'
actionpack (5.2.0) lib/action_dispatch/middleware/executor.rb:14:in `call'
actionpack (5.2.0) lib/action_dispatch/middleware/static.rb:127:in `call'
rack (2.0.4) lib/rack/sendfile.rb:111:in `call'
railties (5.2.0) lib/rails/engine.rb:524:in `call'
puma (3.11.4) lib/puma/configuration.rb:225:in `call'
puma (3.11.4) lib/puma/server.rb:632:in `handle_request'
puma (3.11.4) lib/puma/server.rb:446:in `process_client'
puma (3.11.4) lib/puma/server.rb:306:in `block in run'
puma (3.11.4) lib/puma/thread_pool.rb:120:in `block in spawn_thread'
Started GET "/articles/new" for 127.0.0.1 at 2018-04-17 22:24:13 +0300
Processing by ArticlesController#new as HTML
  Rendering articles/new.html.erb within layouts/application
  Rendered articles/new.html.erb within layouts/application (4.7ms)
Completed 200 OK in 73ms (Views: 68.0ms | ActiveRecord: 0.0ms)


Started GET "/articles/new" for 127.0.0.1 at 2018-04-17 22:24:14 +0300
Processing by ArticlesController#new as HTML
  Rendering articles/new.html.erb within layouts/application
  Rendered articles/new.html.erb within layouts/application (1.8ms)
Completed 200 OK in 35ms (Views: 32.0ms | ActiveRecord: 0.0ms)


Started POST "/articles" for 127.0.0.1 at 2018-04-17 22:24:32 +0300
Processing by ArticlesController#create as HTML
  Parameters: {"utf8"=>"✓", "authenticity_token"=>"Xfjw5rSzutiQttMSqqvRlfOl0v63VRVdTEblWmTb/gQcABcM0Ofifo+J1bIXgqMxe3lm2OedKPZFNQd3frAuUw==", "article"=>{"title"=>"New title", "text"=>"This is text\r\n"}, "commit"=>"Save Article"}
  [1m[35m (0.1ms)[0m  [1m[36mbegin transaction[0m
  ↳ app/controllers/articles_controller.rb:12
  [1m[36mArticle Create (0.6ms)[0m  [1m[32mINSERT INTO "articles" ("title", "text", "created_at", "updated_at") VALUES (?, ?, ?, ?)[0m  [["title", "New title"], ["text", "This is text\r\n"], ["created_at", "2018-04-17 19:24:32.291334"], ["updated_at", "2018-04-17 19:24:32.291334"]]
  ↳ app/controllers/articles_controller.rb:12
  [1m[35m (2.0ms)[0m  [1m[36mcommit transaction[0m
  ↳ app/controllers/articles_controller.rb:12
Redirected to http://localhost:3000/articles/3
Completed 302 Found in 30ms (ActiveRecord: 4.8ms)


Started GET "/articles/3" for 127.0.0.1 at 2018-04-17 22:24:32 +0300
Processing by ArticlesController#show as HTML
  Parameters: {"id"=>"3"}
  [1m[36mArticle Load (0.2ms)[0m  [1m[34mSELECT  "articles".* FROM "articles" WHERE "articles"."id" = ? LIMIT ?[0m  [["id", 3], ["LIMIT", 1]]
  ↳ app/controllers/articles_controller.rb:6
  Rendering articles/show.html.erb within layouts/application
  Rendered articles/show.html.erb within layouts/application (0.8ms)
Completed 200 OK in 58ms (Views: 45.3ms | ActiveRecord: 0.2ms)


Started GET "/articles/index" for 127.0.0.1 at 2018-04-17 22:25:50 +0300
Processing by ArticlesController#show as HTML
  Parameters: {"id"=>"index"}
  [1m[36mArticle Load (0.3ms)[0m  [1m[34mSELECT  "articles".* FROM "articles" WHERE "articles"."id" = ? LIMIT ?[0m  [["id", 0], ["LIMIT", 1]]
  ↳ app/controllers/articles_controller.rb:10
Completed 404 Not Found in 21ms (ActiveRecord: 2.0ms)


  
ActiveRecord::RecordNotFound (Couldn't find Article with 'id'=index):
  
app/controllers/articles_controller.rb:10:in `show'
Started GET "/articles" for 127.0.0.1 at 2018-04-17 22:26:04 +0300
Processing by ArticlesController#index as HTML
  Rendering articles/index.html.erb within layouts/application
  [1m[36mArticle Load (0.3ms)[0m  [1m[34mSELECT "articles".* FROM "articles"[0m
  ↳ app/views/articles/index.html.erb:10
  Rendered articles/index.html.erb within layouts/application (14.5ms)
Completed 200 OK in 86ms (Views: 81.5ms | ActiveRecord: 0.3ms)


Started GET "/articles/1" for 127.0.0.1 at 2018-04-17 22:26:13 +0300
Processing by ArticlesController#show as HTML
  Parameters: {"id"=>"1"}
  [1m[36mArticle Load (17.4ms)[0m  [1m[34mSELECT  "articles".* FROM "articles" WHERE "articles"."id" = ? LIMIT ?[0m  [["id", 1], ["LIMIT", 1]]
  ↳ app/controllers/articles_controller.rb:10
  Rendering articles/show.html.erb within layouts/application
  Rendered articles/show.html.erb within layouts/application (0.9ms)
Completed 200 OK in 118ms (Views: 88.2ms | ActiveRecord: 17.4ms)


Started GET "/articles/new" for 127.0.0.1 at 2018-04-17 22:32:12 +0300
Started GET "/articles/new" for 127.0.0.1 at 2018-04-17 22:32:13 +0300
Processing by ArticlesController#new as HTML
  Rendering articles/new.html.erb within layouts/application
  Rendered articles/new.html.erb within layouts/application (5.5ms)
Completed 200 OK in 104ms (Views: 68.1ms | ActiveRecord: 0.8ms)


Processing by ArticlesController#new as HTML
  Rendering articles/new.html.erb within layouts/application
  Rendered articles/new.html.erb within layouts/application (2.7ms)
Completed 200 OK in 55ms (Views: 41.9ms | ActiveRecord: 1.1ms)


Started POST "/articles" for 127.0.0.1 at 2018-04-17 22:32:18 +0300
Processing by ArticlesController#create as HTML
  Parameters: {"utf8"=>"✓", "authenticity_token"=>"VejqiPvkT9ZsWHd7d60TQNgCLSzlUTgjvaf39EtSv1wUEA1in7AXcHNncdvKhGHkUN6ZCrWZBYi01BXZUTlvCw==", "article"=>{"title"=>"1a", "text"=>"sadfas"}, "commit"=>"Save Article"}
  [1m[35m (0.2ms)[0m  [1m[36mbegin transaction[0m
  ↳ app/controllers/articles_controller.rb:19
  [1m[35m (0.1ms)[0m  [1m[31mrollback transaction[0m
  ↳ app/controllers/articles_controller.rb:19
  Rendering articles/new.html.erb within layouts/application
  Rendered articles/new.html.erb within layouts/application (4.2ms)
Completed 200 OK in 114ms (Views: 104.6ms | ActiveRecord: 0.4ms)


Started POST "/articles" for 127.0.0.1 at 2018-04-17 22:32:25 +0300
Processing by ArticlesController#create as HTML
  Parameters: {"utf8"=>"✓", "authenticity_token"=>"XrXVdJxjpMntQM/f8AqUrHwwgAEPUPzT+F3csn/jEacfTTKe+Df8b/J/yX9NI+YI9Ow0J1+YwXjxLj6fZYjB8A==", "article"=>{"title"=>"1a242342", "text"=>"sadfas"}, "commit"=>"Save Article"}
  [1m[35m (0.1ms)[0m  [1m[36mbegin transaction[0m
  ↳ app/controllers/articles_controller.rb:19
  [1m[36mArticle Create (1.2ms)[0m  [1m[32mINSERT INTO "articles" ("title", "text", "created_at", "updated_at") VALUES (?, ?, ?, ?)[0m  [["title", "1a242342"], ["text", "sadfas"], ["created_at", "2018-04-17 19:32:25.421569"], ["updated_at", "2018-04-17 19:32:25.421569"]]
  ↳ app/controllers/articles_controller.rb:19
  [1m[35m (2.8ms)[0m  [1m[36mcommit transaction[0m
  ↳ app/controllers/articles_controller.rb:19
Redirected to http://localhost:3000/articles/4
Completed 302 Found in 12ms (ActiveRecord: 4.2ms)


Started GET "/articles/4" for 127.0.0.1 at 2018-04-17 22:32:25 +0300
Processing by ArticlesController#show as HTML
  Parameters: {"id"=>"4"}
  [1m[36mArticle Load (0.3ms)[0m  [1m[34mSELECT  "articles".* FROM "articles" WHERE "articles"."id" = ? LIMIT ?[0m  [["id", 4], ["LIMIT", 1]]
  ↳ app/controllers/articles_controller.rb:9
  Rendering articles/show.html.erb within layouts/application
  Rendered articles/show.html.erb within layouts/application (1.1ms)
Completed 200 OK in 37ms (Views: 30.3ms | ActiveRecord: 0.3ms)


Started GET "/articles" for 127.0.0.1 at 2018-04-17 22:32:27 +0300
Processing by ArticlesController#index as HTML
  Rendering articles/index.html.erb within layouts/application
  [1m[36mArticle Load (0.3ms)[0m  [1m[34mSELECT "articles".* FROM "articles"[0m
  ↳ app/views/articles/index.html.erb:12
  Rendered articles/index.html.erb within layouts/application (3.9ms)
Completed 200 OK in 52ms (Views: 40.2ms | ActiveRecord: 0.3ms)


Started GET "/articles" for 127.0.0.1 at 2018-04-17 22:37:36 +0300
Processing by ArticlesController#index as HTML
  Rendering articles/index.html.erb within layouts/application
  [1m[36mArticle Load (0.5ms)[0m  [1m[34mSELECT "articles".* FROM "articles"[0m
  ↳ app/views/articles/index.html.erb:12
  Rendered articles/index.html.erb within layouts/application (25.0ms)
Completed 200 OK in 112ms (Views: 98.4ms | ActiveRecord: 2.0ms)


Started GET "/articles/1/edit" for 127.0.0.1 at 2018-04-17 22:37:39 +0300
Processing by ArticlesController#edit as HTML
  Parameters: {"id"=>"1"}
  Rendering articles/edit.html.erb within layouts/application
  Rendered articles/edit.html.erb within layouts/application (9.9ms)
Completed 500 Internal Server Error in 24ms (ActiveRecord: 0.0ms)


  
ActionView::Template::Error (undefined method `errors' for nil:NilClass):
    2: 
    3: <%= form_with(model: @article, local: true) do |form| %>
    4: 
    5:   <% if @article.errors.any? %>
    6:     <div id="error_explanation">
    7:       <h2>
    8:         <%= pluralize(@article.errors.count, "error") %> prohibited
  
app/views/articles/edit.html.erb:5:in `block in _app_views_articles_edit_html_erb___645757317120161914_70152311586480'
app/views/articles/edit.html.erb:3:in `_app_views_articles_edit_html_erb___645757317120161914_70152311586480'
Started GET "/articles" for 127.0.0.1 at 2018-04-17 22:37:49 +0300
Processing by ArticlesController#index as HTML
  Rendering articles/index.html.erb within layouts/application
  [1m[36mArticle Load (0.4ms)[0m  [1m[34mSELECT "articles".* FROM "articles"[0m
  ↳ app/views/articles/index.html.erb:12
  Rendered articles/index.html.erb within layouts/application (3.6ms)
Completed 200 OK in 45ms (Views: 42.5ms | ActiveRecord: 0.4ms)


Started GET "/articles/4/edit" for 127.0.0.1 at 2018-04-17 22:37:52 +0300
Processing by ArticlesController#edit as HTML
  Parameters: {"id"=>"4"}
  Rendering articles/edit.html.erb within layouts/application
  Rendered articles/edit.html.erb within layouts/application (5.2ms)
Completed 500 Internal Server Error in 22ms (ActiveRecord: 0.0ms)


  
ActionView::Template::Error (undefined method `errors' for nil:NilClass):
    2: 
    3: <%= form_with(model: @article, local: true) do |form| %>
    4: 
    5:   <% if @article.errors.any? %>
    6:     <div id="error_explanation">
    7:       <h2>
    8:         <%= pluralize(@article.errors.count, "error") %> prohibited
  
app/views/articles/edit.html.erb:5:in `block in _app_views_articles_edit_html_erb___645757317120161914_70152345703220'
app/views/articles/edit.html.erb:3:in `_app_views_articles_edit_html_erb___645757317120161914_70152345703220'
Started GET "/articles/4/edit" for 127.0.0.1 at 2018-04-17 22:38:07 +0300
Processing by ArticlesController#edit as HTML
  Parameters: {"id"=>"4"}
  Rendering articles/edit.html.erb within layouts/application
  Rendered articles/edit.html.erb within layouts/application (4.9ms)
Completed 500 Internal Server Error in 13ms (ActiveRecord: 0.0ms)


  
ActionView::Template::Error (undefined method `errors' for nil:NilClass):
    2: 
    3: <%= form_with(model: @article, local: true) do |form| %>
    4: 
    5:   <% if @article.errors.any? %>
    6:     <div id="error_explanation">
    7:       <h2>
    8:         <%= pluralize(@article.errors.count, "error") %> prohibited
  
app/views/articles/edit.html.erb:5:in `block in _app_views_articles_edit_html_erb___645757317120161914_70152360402540'
app/views/articles/edit.html.erb:3:in `_app_views_articles_edit_html_erb___645757317120161914_70152360402540'
Started GET "/articles/" for 127.0.0.1 at 2018-04-17 22:38:35 +0300
Processing by ArticlesController#index as HTML
  Rendering articles/index.html.erb within layouts/application
  [1m[36mArticle Load (0.8ms)[0m  [1m[34mSELECT "articles".* FROM "articles"[0m
  ↳ app/views/articles/index.html.erb:12
  Rendered articles/index.html.erb within layouts/application (8.2ms)
Completed 200 OK in 66ms (Views: 58.3ms | ActiveRecord: 0.8ms)


Started GET "/articles/4" for 127.0.0.1 at 2018-04-17 22:38:40 +0300
Processing by ArticlesController#show as HTML
  Parameters: {"id"=>"4"}
  [1m[36mArticle Load (0.6ms)[0m  [1m[34mSELECT  "articles".* FROM "articles" WHERE "articles"."id" = ? LIMIT ?[0m  [["id", 4], ["LIMIT", 1]]
  ↳ app/controllers/articles_controller.rb:9
  Rendering articles/show.html.erb within layouts/application
  Rendered articles/show.html.erb within layouts/application (3.0ms)
Completed 200 OK in 75ms (Views: 62.4ms | ActiveRecord: 0.6ms)


Started GET "/articles/4/edit" for 127.0.0.1 at 2018-04-17 22:38:41 +0300
Processing by ArticlesController#edit as HTML
  Parameters: {"id"=>"4"}
  Rendering articles/edit.html.erb within layouts/application
  Rendered articles/edit.html.erb within layouts/application (8.8ms)
Completed 500 Internal Server Error in 22ms (ActiveRecord: 0.0ms)


  
ActionView::Template::Error (undefined method `errors' for nil:NilClass):
    2: 
    3: <%= form_with(model: @article, local: true) do |form| %>
    4: 
    5:   <% if @article.errors.any? %>
    6:     <div id="error_explanation">
    7:       <h2>
    8:         <%= pluralize(@article.errors.count, "error") %> prohibited
  
app/views/articles/edit.html.erb:5:in `block in _app_views_articles_edit_html_erb___645757317120161914_70152349012480'
app/views/articles/edit.html.erb:3:in `_app_views_articles_edit_html_erb___645757317120161914_70152349012480'
Started GET "/articles" for 127.0.0.1 at 2018-04-17 22:41:22 +0300
  [1m[35m (0.7ms)[0m  [1m[34mSELECT "schema_migrations"."version" FROM "schema_migrations" ORDER BY "schema_migrations"."version" ASC[0m
  ↳ /usr/local/lib/ruby/gems/2.5.0/gems/activerecord-5.2.0/lib/active_record/log_subscriber.rb:98
Processing by ArticlesController#index as HTML
  Rendering articles/index.html.erb within layouts/application
  [1m[36mArticle Load (0.2ms)[0m  [1m[34mSELECT "articles".* FROM "articles"[0m
  ↳ app/views/articles/index.html.erb:12
  Rendered articles/index.html.erb within layouts/application (13.0ms)
Completed 200 OK in 342ms (Views: 326.5ms | ActiveRecord: 0.9ms)


Started GET "/articles/new" for 127.0.0.1 at 2018-04-17 22:41:26 +0300
Processing by ArticlesController#new as HTML
  Rendering articles/new.html.erb within layouts/application
  Rendered articles/new.html.erb within layouts/application (15.6ms)
Completed 200 OK in 49ms (Views: 45.3ms | ActiveRecord: 0.0ms)


Started POST "/articles" for 127.0.0.1 at 2018-04-17 22:41:29 +0300
Processing by ArticlesController#create as HTML
  Parameters: {"utf8"=>"✓", "authenticity_token"=>"7JyndUlZ2k746CQqZc0ip9e9C9Sj+8LR0iK6YOBBu+NYMAhYdFu+mPXXYnSyU7z6/n5MQ9kX2xMRZFg9bsqhFQ==", "article"=>{"title"=>"124214213", "text"=>"wedfaewd"}, "commit"=>"Save Article"}
  [1m[35m (0.1ms)[0m  [1m[36mbegin transaction[0m
  ↳ app/controllers/articles_controller.rb:19
  [1m[36mArticle Create (0.9ms)[0m  [1m[32mINSERT INTO "articles" ("title", "text", "created_at", "updated_at") VALUES (?, ?, ?, ?)[0m  [["title", "124214213"], ["text", "wedfaewd"], ["created_at", "2018-04-17 19:41:29.892395"], ["updated_at", "2018-04-17 19:41:29.892395"]]
  ↳ app/controllers/articles_controller.rb:19
  [1m[35m (3.2ms)[0m  [1m[36mcommit transaction[0m
  ↳ app/controllers/articles_controller.rb:19
Redirected to http://localhost:3000/articles/5
Completed 302 Found in 10ms (ActiveRecord: 4.1ms)


Started GET "/articles/5" for 127.0.0.1 at 2018-04-17 22:41:29 +0300
Processing by ArticlesController#show as HTML
  Parameters: {"id"=>"5"}
  [1m[36mArticle Load (0.4ms)[0m  [1m[34mSELECT  "articles".* FROM "articles" WHERE "articles"."id" = ? LIMIT ?[0m  [["id", 5], ["LIMIT", 1]]
  ↳ app/controllers/articles_controller.rb:9
  Rendering articles/show.html.erb within layouts/application
  Rendered articles/show.html.erb within layouts/application (0.8ms)
Completed 200 OK in 32ms (Views: 24.6ms | ActiveRecord: 0.4ms)


Started GET "/articles/5/edit" for 127.0.0.1 at 2018-04-17 22:41:31 +0300
Processing by ArticlesController#edit as HTML
  Parameters: {"id"=>"5"}
  [1m[36mArticle Load (0.2ms)[0m  [1m[34mSELECT  "articles".* FROM "articles" WHERE "articles"."id" = ? LIMIT ?[0m  [["id", 5], ["LIMIT", 1]]
  ↳ app/controllers/articles_controller.rb:27
  Rendering articles/edit.html.erb within layouts/application
  Rendered articles/edit.html.erb within layouts/application (2.8ms)
Completed 200 OK in 44ms (Views: 29.5ms | ActiveRecord: 0.2ms)


Started PATCH "/articles/5" for 127.0.0.1 at 2018-04-17 22:41:36 +0300
Processing by ArticlesController#update as HTML
  Parameters: {"utf8"=>"✓", "authenticity_token"=>"abvg1d+M3QquWf49rvMENYPHFpo6Uj8lQmu7Fx/+QHmvb12tIn7B/jP6RL+QYNvjWiaSAQCT4ASketxt0z5zNA==", "article"=>{"title"=>"124212134213", "text"=>"wedfaewd232"}, "commit"=>"Update Article", "id"=>"5"}
  [1m[36mArticle Load (0.2ms)[0m  [1m[34mSELECT  "articles".* FROM "articles" WHERE "articles"."id" = ? LIMIT ?[0m  [["id", 5], ["LIMIT", 1]]
  ↳ app/controllers/articles_controller.rb:31
  [1m[35m (0.1ms)[0m  [1m[36mbegin transaction[0m
  ↳ app/controllers/articles_controller.rb:33
  [1m[36mArticle Update (1.7ms)[0m  [1m[33mUPDATE "articles" SET "title" = ?, "text" = ?, "updated_at" = ? WHERE "articles"."id" = ?[0m  [["title", "124212134213"], ["text", "wedfaewd232"], ["updated_at", "2018-04-17 19:41:36.764667"], ["id", 5]]
  ↳ app/controllers/articles_controller.rb:33
  [1m[35m (2.8ms)[0m  [1m[36mcommit transaction[0m
  ↳ app/controllers/articles_controller.rb:33
Redirected to http://localhost:3000/articles/5
Completed 302 Found in 13ms (ActiveRecord: 4.8ms)


Started GET "/articles/5" for 127.0.0.1 at 2018-04-17 22:41:36 +0300
Processing by ArticlesController#show as HTML
  Parameters: {"id"=>"5"}
  [1m[36mArticle Load (0.2ms)[0m  [1m[34mSELECT  "articles".* FROM "articles" WHERE "articles"."id" = ? LIMIT ?[0m  [["id", 5], ["LIMIT", 1]]
  ↳ app/controllers/articles_controller.rb:9
  Rendering articles/show.html.erb within layouts/application
  Rendered articles/show.html.erb within layouts/application (0.7ms)
Completed 200 OK in 30ms (Views: 26.2ms | ActiveRecord: 0.2ms)


Started GET "/articles/5/edit" for 127.0.0.1 at 2018-04-17 22:41:39 +0300
Processing by ArticlesController#edit as HTML
  Parameters: {"id"=>"5"}
  [1m[36mArticle Load (0.9ms)[0m  [1m[34mSELECT  "articles".* FROM "articles" WHERE "articles"."id" = ? LIMIT ?[0m  [["id", 5], ["LIMIT", 1]]
  ↳ app/controllers/articles_controller.rb:27
  Rendering articles/edit.html.erb within layouts/application
  Rendered articles/edit.html.erb within layouts/application (4.9ms)
Completed 200 OK in 41ms (Views: 34.6ms | ActiveRecord: 0.9ms)


Started PATCH "/articles/5" for 127.0.0.1 at 2018-04-17 22:41:48 +0300
Processing by ArticlesController#update as HTML
  Parameters: {"utf8"=>"✓", "authenticity_token"=>"MXqMEffez9C96KKQOXZJ+03WFjER/Halp24ygdgqmiz3rjFpCizTJCBLGBIH5ZYtlDeSqis9qYRBf1X7FOqpYQ==", "article"=>{"title"=>"234322222", "text"=>"wedfaewd23211"}, "commit"=>"Update Article", "id"=>"5"}
  [1m[36mArticle Load (0.1ms)[0m  [1m[34mSELECT  "articles".* FROM "articles" WHERE "articles"."id" = ? LIMIT ?[0m  [["id", 5], ["LIMIT", 1]]
  ↳ app/controllers/articles_controller.rb:31
  [1m[35m (0.1ms)[0m  [1m[36mbegin transaction[0m
  ↳ app/controllers/articles_controller.rb:33
  [1m[36mArticle Update (0.4ms)[0m  [1m[33mUPDATE "articles" SET "title" = ?, "text" = ?, "updated_at" = ? WHERE "articles"."id" = ?[0m  [["title", "234322222"], ["text", "wedfaewd23211"], ["updated_at", "2018-04-17 19:41:48.037911"], ["id", 5]]
  ↳ app/controllers/articles_controller.rb:33
  [1m[35m (1.1ms)[0m  [1m[36mcommit transaction[0m
  ↳ app/controllers/articles_controller.rb:33
Redirected to http://localhost:3000/articles/5
Completed 302 Found in 6ms (ActiveRecord: 1.7ms)


Started GET "/articles/5" for 127.0.0.1 at 2018-04-17 22:41:48 +0300
Processing by ArticlesController#show as HTML
  Parameters: {"id"=>"5"}
  [1m[36mArticle Load (0.2ms)[0m  [1m[34mSELECT  "articles".* FROM "articles" WHERE "articles"."id" = ? LIMIT ?[0m  [["id", 5], ["LIMIT", 1]]
  ↳ app/controllers/articles_controller.rb:9
  Rendering articles/show.html.erb within layouts/application
  Rendered articles/show.html.erb within layouts/application (1.1ms)
Completed 200 OK in 42ms (Views: 37.0ms | ActiveRecord: 0.2ms)


Started GET "/articles" for 127.0.0.1 at 2018-04-17 22:41:50 +0300
Processing by ArticlesController#index as HTML
  Rendering articles/index.html.erb within layouts/application
  [1m[36mArticle Load (0.4ms)[0m  [1m[34mSELECT "articles".* FROM "articles"[0m
  ↳ app/views/articles/index.html.erb:12
  Rendered articles/index.html.erb within layouts/application (5.9ms)
Completed 200 OK in 54ms (Views: 49.9ms | ActiveRecord: 0.4ms)


Started GET "/articles/4/edit" for 127.0.0.1 at 2018-04-17 22:41:55 +0300
Processing by ArticlesController#edit as HTML
  Parameters: {"id"=>"4"}
  [1m[36mArticle Load (0.3ms)[0m  [1m[34mSELECT  "articles".* FROM "articles" WHERE "articles"."id" = ? LIMIT ?[0m  [["id", 4], ["LIMIT", 1]]
  ↳ app/controllers/articles_controller.rb:27
  Rendering articles/edit.html.erb within layouts/application
  Rendered articles/edit.html.erb within layouts/application (2.6ms)
Completed 200 OK in 38ms (Views: 33.2ms | ActiveRecord: 0.3ms)


Started PATCH "/articles/4" for 127.0.0.1 at 2018-04-17 22:42:00 +0300
Processing by ArticlesController#update as HTML
  Parameters: {"utf8"=>"✓", "authenticity_token"=>"6wmJSkMSn2fyBB2RXFgPHzzElL8BXAXsA0D3eRVfio3oRZvJlL+Oq9in1C7tSiHFJ8P3EFjS+IgNB4JKyi+eWg==", "article"=>{"title"=>"1a242342sd", "text"=>"sadfas"}, "commit"=>"Update Article", "id"=>"4"}
  [1m[36mArticle Load (0.1ms)[0m  [1m[34mSELECT  "articles".* FROM "articles" WHERE "articles"."id" = ? LIMIT ?[0m  [["id", 4], ["LIMIT", 1]]
  ↳ app/controllers/articles_controller.rb:31
  [1m[35m (0.1ms)[0m  [1m[36mbegin transaction[0m
  ↳ app/controllers/articles_controller.rb:33
  [1m[36mArticle Update (0.6ms)[0m  [1m[33mUPDATE "articles" SET "title" = ?, "updated_at" = ? WHERE "articles"."id" = ?[0m  [["title", "1a242342sd"], ["updated_at", "2018-04-17 19:42:00.360099"], ["id", 4]]
  ↳ app/controllers/articles_controller.rb:33
  [1m[35m (1.5ms)[0m  [1m[36mcommit transaction[0m
  ↳ app/controllers/articles_controller.rb:33
Redirected to http://localhost:3000/articles/4
Completed 302 Found in 7ms (ActiveRecord: 2.2ms)


Started GET "/articles/4" for 127.0.0.1 at 2018-04-17 22:42:00 +0300
Processing by ArticlesController#show as HTML
  Parameters: {"id"=>"4"}
  [1m[36mArticle Load (0.4ms)[0m  [1m[34mSELECT  "articles".* FROM "articles" WHERE "articles"."id" = ? LIMIT ?[0m  [["id", 4], ["LIMIT", 1]]
  ↳ app/controllers/articles_controller.rb:9
  Rendering articles/show.html.erb within layouts/application
  Rendered articles/show.html.erb within layouts/application (0.7ms)
Completed 200 OK in 30ms (Views: 26.7ms | ActiveRecord: 0.4ms)


Started GET "/articles" for 127.0.0.1 at 2018-04-17 22:42:02 +0300
Processing by ArticlesController#index as HTML
  Rendering articles/index.html.erb within layouts/application
  [1m[36mArticle Load (0.2ms)[0m  [1m[34mSELECT "articles".* FROM "articles"[0m
  ↳ app/views/articles/index.html.erb:12
  Rendered articles/index.html.erb within layouts/application (2.3ms)
Completed 200 OK in 37ms (Views: 33.2ms | ActiveRecord: 0.2ms)


Started GET "/" for 127.0.0.1 at 2018-04-18 01:19:50 +0300
  [1m[35m (0.7ms)[0m  [1m[34mSELECT "schema_migrations"."version" FROM "schema_migrations" ORDER BY "schema_migrations"."version" ASC[0m
  ↳ /usr/local/lib/ruby/gems/2.5.0/gems/activerecord-5.2.0/lib/active_record/log_subscriber.rb:98
Processing by WelcomeController#index as HTML
  Rendering welcome/index.html.erb within layouts/application
  Rendered welcome/index.html.erb within layouts/application (2.0ms)
Completed 200 OK in 369ms (Views: 351.6ms | ActiveRecord: 0.0ms)


Started GET "/articles" for 127.0.0.1 at 2018-04-18 01:19:53 +0300
Processing by ArticlesController#index as HTML
  Rendering articles/index.html.erb within layouts/application
  [1m[36mArticle Load (0.7ms)[0m  [1m[34mSELECT "articles".* FROM "articles"[0m
  ↳ app/views/articles/index.html.erb:12
  Rendered articles/index.html.erb within layouts/application (16.1ms)
Completed 200 OK in 82ms (Views: 59.6ms | ActiveRecord: 1.8ms)


Started GET "/articles/1" for 127.0.0.1 at 2018-04-18 01:19:56 +0300
Processing by ArticlesController#show as HTML
  Parameters: {"id"=>"1"}
  [1m[36mArticle Load (0.9ms)[0m  [1m[34mSELECT  "articles".* FROM "articles" WHERE "articles"."id" = ? LIMIT ?[0m  [["id", 1], ["LIMIT", 1]]
  ↳ app/controllers/articles_controller.rb:9
  Rendering articles/show.html.erb within layouts/application
  Rendered articles/show.html.erb within layouts/application (0.9ms)
Completed 200 OK in 44ms (Views: 35.5ms | ActiveRecord: 0.9ms)


Started GET "/articles" for 127.0.0.1 at 2018-04-18 01:19:58 +0300
Processing by ArticlesController#index as HTML
  Rendering articles/index.html.erb within layouts/application
  [1m[36mArticle Load (0.3ms)[0m  [1m[34mSELECT "articles".* FROM "articles"[0m
  ↳ app/views/articles/index.html.erb:12
  Rendered articles/index.html.erb within layouts/application (3.8ms)
Completed 200 OK in 60ms (Views: 55.6ms | ActiveRecord: 0.3ms)


